{"C:\\Users\\mavrk\\OneDrive\\Escritorio\\BIT\\Frodge\\backend-frodge\\index.js": {"path":"C:\\Users\\mavrk\\OneDrive\\Escritorio\\BIT\\Frodge\\backend-frodge\\index.js","statementMap":{"0":{"start":{"line":1,"column":16},"end":{"line":1,"column":34}},"1":{"start":{"line":2,"column":12},"end":{"line":2,"column":21}},"2":{"start":{"line":3,"column":15},"end":{"line":3,"column":32}},"3":{"start":{"line":4,"column":12},"end":{"line":4,"column":42}},"4":{"start":{"line":5,"column":13},"end":{"line":5,"column":28}},"5":{"start":{"line":6,"column":13},"end":{"line":6,"column":28}},"6":{"start":{"line":8,"column":0},"end":{"line":8,"column":16}},"7":{"start":{"line":9,"column":13},"end":{"line":9,"column":29}},"8":{"start":{"line":10,"column":24},"end":{"line":10,"column":46}},"9":{"start":{"line":11,"column":0},"end":{"line":11,"column":17}},"10":{"start":{"line":13,"column":0},"end":{"line":13,"column":23}},"11":{"start":{"line":14,"column":0},"end":{"line":14,"column":48}},"12":{"start":{"line":15,"column":0},"end":{"line":15,"column":15}},"13":{"start":{"line":20,"column":0},"end":{"line":20,"column":17}},"14":{"start":{"line":26,"column":0},"end":{"line":26,"column":20}}},"fnMap":{},"branchMap":{},"s":{"0":2,"1":2,"2":2,"3":2,"4":2,"5":2,"6":2,"7":2,"8":2,"9":2,"10":2,"11":2,"12":2,"13":2,"14":2},"f":{},"b":{},"_coverageSchema":"1a1c01bbd47fc00a2c39e90264f33305004495a9","hash":"e0a47c69c389d4bb1ec16f55e1ddb1806aa60a54"}
,"C:\\Users\\mavrk\\OneDrive\\Escritorio\\BIT\\Frodge\\backend-frodge\\controllers\\productController.js": {"path":"C:\\Users\\mavrk\\OneDrive\\Escritorio\\BIT\\Frodge\\backend-frodge\\controllers\\productController.js","statementMap":{"0":{"start":{"line":1,"column":16},"end":{"line":1,"column":46}},"1":{"start":{"line":4,"column":22},"end":{"line":34,"column":1}},"2":{"start":{"line":5,"column":86},"end":{"line":5,"column":94}},"3":{"start":{"line":6,"column":2},"end":{"line":33,"column":3}},"4":{"start":{"line":7,"column":4},"end":{"line":7,"column":25}},"5":{"start":{"line":8,"column":20},"end":{"line":8,"column":57}},"6":{"start":{"line":9,"column":4},"end":{"line":12,"column":6}},"7":{"start":{"line":9,"column":17},"end":{"line":12,"column":6}},"8":{"start":{"line":13,"column":22},"end":{"line":21,"column":6}},"9":{"start":{"line":22,"column":4},"end":{"line":22,"column":26}},"10":{"start":{"line":23,"column":4},"end":{"line":26,"column":6}},"11":{"start":{"line":28,"column":4},"end":{"line":28,"column":22}},"12":{"start":{"line":29,"column":4},"end":{"line":32,"column":6}},"13":{"start":{"line":36,"column":26},"end":{"line":56,"column":1}},"14":{"start":{"line":37,"column":13},"end":{"line":37,"column":26}},"15":{"start":{"line":38,"column":2},"end":{"line":55,"column":3}},"16":{"start":{"line":39,"column":20},"end":{"line":39,"column":55}},"17":{"start":{"line":40,"column":4},"end":{"line":43,"column":6}},"18":{"start":{"line":40,"column":18},"end":{"line":43,"column":6}},"19":{"start":{"line":45,"column":4},"end":{"line":48,"column":6}},"20":{"start":{"line":50,"column":4},"end":{"line":50,"column":22}},"21":{"start":{"line":51,"column":4},"end":{"line":54,"column":6}},"22":{"start":{"line":58,"column":26},"end":{"line":75,"column":1}},"23":{"start":{"line":59,"column":13},"end":{"line":59,"column":26}},"24":{"start":{"line":60,"column":15},"end":{"line":60,"column":23}},"25":{"start":{"line":61,"column":2},"end":{"line":74,"column":3}},"26":{"start":{"line":62,"column":26},"end":{"line":62,"column":86}},"27":{"start":{"line":63,"column":4},"end":{"line":66,"column":6}},"28":{"start":{"line":69,"column":4},"end":{"line":69,"column":22}},"29":{"start":{"line":70,"column":4},"end":{"line":73,"column":6}},"30":{"start":{"line":77,"column":28},"end":{"line":98,"column":5}},"31":{"start":{"line":78,"column":4},"end":{"line":97,"column":7}},"32":{"start":{"line":79,"column":19},"end":{"line":79,"column":32}},"33":{"start":{"line":80,"column":24},"end":{"line":80,"column":42}},"34":{"start":{"line":81,"column":6},"end":{"line":81,"column":28}},"35":{"start":{"line":82,"column":23},"end":{"line":82,"column":65}},"36":{"start":{"line":83,"column":6},"end":{"line":83,"column":27}},"37":{"start":{"line":84,"column":6},"end":{"line":89,"column":7}},"38":{"start":{"line":85,"column":8},"end":{"line":88,"column":10}},"39":{"start":{"line":90,"column":8},"end":{"line":90,"column":45}},"40":{"start":{"line":92,"column":8},"end":{"line":92,"column":26}},"41":{"start":{"line":93,"column":8},"end":{"line":96,"column":10}},"42":{"start":{"line":100,"column":29},"end":{"line":125,"column":3}},"43":{"start":{"line":101,"column":8},"end":{"line":124,"column":9}},"44":{"start":{"line":103,"column":27},"end":{"line":103,"column":47}},"45":{"start":{"line":106,"column":10},"end":{"line":111,"column":11}},"46":{"start":{"line":107,"column":12},"end":{"line":110,"column":14}},"47":{"start":{"line":114,"column":10},"end":{"line":117,"column":12}},"48":{"start":{"line":119,"column":10},"end":{"line":119,"column":28}},"49":{"start":{"line":120,"column":10},"end":{"line":123,"column":12}},"50":{"start":{"line":127,"column":0},"end":{"line":133,"column":1}}},"fnMap":{"0":{"name":"(anonymous_0)","decl":{"start":{"line":4,"column":22},"end":{"line":4,"column":23}},"loc":{"start":{"line":4,"column":42},"end":{"line":34,"column":1}},"line":4},"1":{"name":"(anonymous_1)","decl":{"start":{"line":36,"column":26},"end":{"line":36,"column":27}},"loc":{"start":{"line":36,"column":46},"end":{"line":56,"column":1}},"line":36},"2":{"name":"(anonymous_2)","decl":{"start":{"line":58,"column":26},"end":{"line":58,"column":27}},"loc":{"start":{"line":58,"column":46},"end":{"line":75,"column":1}},"line":58},"3":{"name":"(anonymous_3)","decl":{"start":{"line":77,"column":28},"end":{"line":77,"column":29}},"loc":{"start":{"line":77,"column":48},"end":{"line":98,"column":5}},"line":77},"4":{"name":"(anonymous_4)","decl":{"start":{"line":100,"column":29},"end":{"line":100,"column":30}},"loc":{"start":{"line":100,"column":49},"end":{"line":125,"column":3}},"line":100}},"branchMap":{"0":{"loc":{"start":{"line":9,"column":4},"end":{"line":12,"column":6}},"type":"if","locations":[{"start":{"line":9,"column":4},"end":{"line":12,"column":6}},{"start":{},"end":{}}],"line":9},"1":{"loc":{"start":{"line":40,"column":4},"end":{"line":43,"column":6}},"type":"if","locations":[{"start":{"line":40,"column":4},"end":{"line":43,"column":6}},{"start":{},"end":{}}],"line":40},"2":{"loc":{"start":{"line":84,"column":6},"end":{"line":89,"column":7}},"type":"if","locations":[{"start":{"line":84,"column":6},"end":{"line":89,"column":7}},{"start":{},"end":{}}],"line":84},"3":{"loc":{"start":{"line":106,"column":10},"end":{"line":111,"column":11}},"type":"if","locations":[{"start":{"line":106,"column":10},"end":{"line":111,"column":11}},{"start":{},"end":{}}],"line":106},"4":{"loc":{"start":{"line":106,"column":14},"end":{"line":106,"column":48}},"type":"binary-expr","locations":[{"start":{"line":106,"column":14},"end":{"line":106,"column":23}},{"start":{"line":106,"column":27},"end":{"line":106,"column":48}}],"line":106}},"s":{"0":2,"1":2,"2":0,"3":0,"4":0,"5":0,"6":0,"7":0,"8":0,"9":0,"10":0,"11":0,"12":0,"13":2,"14":0,"15":0,"16":0,"17":0,"18":0,"19":0,"20":0,"21":0,"22":2,"23":0,"24":0,"25":0,"26":0,"27":0,"28":0,"29":0,"30":2,"31":0,"32":0,"33":0,"34":0,"35":0,"36":0,"37":0,"38":0,"39":0,"40":0,"41":0,"42":2,"43":0,"44":0,"45":0,"46":0,"47":0,"48":0,"49":0,"50":2},"f":{"0":0,"1":0,"2":0,"3":0,"4":0},"b":{"0":[0,0],"1":[0,0],"2":[0,0],"3":[0,0],"4":[0,0]},"_coverageSchema":"1a1c01bbd47fc00a2c39e90264f33305004495a9","hash":"7c2cb620c863b1a1dcbb4e1a5676fb4c5653f2f0"}
,"C:\\Users\\mavrk\\OneDrive\\Escritorio\\BIT\\Frodge\\backend-frodge\\controllers\\recipeController.js": {"path":"C:\\Users\\mavrk\\OneDrive\\Escritorio\\BIT\\Frodge\\backend-frodge\\controllers\\recipeController.js","statementMap":{"0":{"start":{"line":1,"column":20},"end":{"line":1,"column":60}},"1":{"start":{"line":2,"column":15},"end":{"line":2,"column":44}},"2":{"start":{"line":4,"column":21},"end":{"line":46,"column":1}},"3":{"start":{"line":5,"column":88},"end":{"line":5,"column":96}},"4":{"start":{"line":6,"column":2},"end":{"line":6,"column":27}},"5":{"start":{"line":8,"column":2},"end":{"line":45,"column":3}},"6":{"start":{"line":10,"column":27},"end":{"line":10,"column":57}},"7":{"start":{"line":11,"column":4},"end":{"line":16,"column":5}},"8":{"start":{"line":12,"column":6},"end":{"line":15,"column":9}},"9":{"start":{"line":19,"column":28},"end":{"line":19,"column":83}},"10":{"start":{"line":19,"column":58},"end":{"line":19,"column":82}},"11":{"start":{"line":22,"column":22},"end":{"line":30,"column":6}},"12":{"start":{"line":33,"column":4},"end":{"line":33,"column":27}},"13":{"start":{"line":35,"column":4},"end":{"line":38,"column":7}},"14":{"start":{"line":40,"column":4},"end":{"line":40,"column":23}},"15":{"start":{"line":41,"column":4},"end":{"line":44,"column":7}},"16":{"start":{"line":86,"column":25},"end":{"line":107,"column":1}},"17":{"start":{"line":87,"column":13},"end":{"line":87,"column":26}},"18":{"start":{"line":88,"column":2},"end":{"line":106,"column":3}},"19":{"start":{"line":89,"column":19},"end":{"line":89,"column":53}},"20":{"start":{"line":90,"column":4},"end":{"line":95,"column":5}},"21":{"start":{"line":91,"column":6},"end":{"line":94,"column":8}},"22":{"start":{"line":96,"column":4},"end":{"line":99,"column":6}},"23":{"start":{"line":101,"column":4},"end":{"line":101,"column":22}},"24":{"start":{"line":102,"column":4},"end":{"line":105,"column":6}},"25":{"start":{"line":109,"column":25},"end":{"line":126,"column":1}},"26":{"start":{"line":110,"column":13},"end":{"line":110,"column":26}},"27":{"start":{"line":111,"column":15},"end":{"line":111,"column":23}},"28":{"start":{"line":112,"column":2},"end":{"line":125,"column":3}},"29":{"start":{"line":113,"column":25},"end":{"line":113,"column":84}},"30":{"start":{"line":114,"column":4},"end":{"line":117,"column":6}},"31":{"start":{"line":120,"column":4},"end":{"line":120,"column":22}},"32":{"start":{"line":121,"column":4},"end":{"line":124,"column":6}},"33":{"start":{"line":128,"column":33},"end":{"line":151,"column":1}},"34":{"start":{"line":129,"column":2},"end":{"line":150,"column":3}},"35":{"start":{"line":130,"column":24},"end":{"line":130,"column":44}},"36":{"start":{"line":131,"column":28},"end":{"line":131,"column":30}},"37":{"start":{"line":132,"column":4},"end":{"line":134,"column":7}},"38":{"start":{"line":133,"column":6},"end":{"line":133,"column":52}},"39":{"start":{"line":135,"column":20},"end":{"line":135,"column":81}},"40":{"start":{"line":137,"column":4},"end":{"line":137,"column":24}},"41":{"start":{"line":138,"column":4},"end":{"line":143,"column":5}},"42":{"start":{"line":139,"column":6},"end":{"line":142,"column":8}},"43":{"start":{"line":144,"column":4},"end":{"line":144,"column":33}},"44":{"start":{"line":146,"column":4},"end":{"line":149,"column":6}},"45":{"start":{"line":153,"column":25},"end":{"line":174,"column":1}},"46":{"start":{"line":154,"column":2},"end":{"line":173,"column":3}},"47":{"start":{"line":155,"column":17},"end":{"line":155,"column":30}},"48":{"start":{"line":156,"column":22},"end":{"line":156,"column":40}},"49":{"start":{"line":157,"column":4},"end":{"line":157,"column":26}},"50":{"start":{"line":158,"column":20},"end":{"line":158,"column":61}},"51":{"start":{"line":159,"column":4},"end":{"line":159,"column":24}},"52":{"start":{"line":160,"column":4},"end":{"line":165,"column":5}},"53":{"start":{"line":161,"column":6},"end":{"line":164,"column":8}},"54":{"start":{"line":166,"column":6},"end":{"line":166,"column":42}},"55":{"start":{"line":168,"column":6},"end":{"line":168,"column":24}},"56":{"start":{"line":169,"column":6},"end":{"line":172,"column":8}},"57":{"start":{"line":176,"column":34},"end":{"line":199,"column":1}},"58":{"start":{"line":177,"column":2},"end":{"line":198,"column":3}},"59":{"start":{"line":178,"column":17},"end":{"line":178,"column":32}},"60":{"start":{"line":179,"column":22},"end":{"line":179,"column":40}},"61":{"start":{"line":180,"column":4},"end":{"line":180,"column":26}},"62":{"start":{"line":181,"column":20},"end":{"line":181,"column":65}},"63":{"start":{"line":182,"column":4},"end":{"line":182,"column":24}},"64":{"start":{"line":183,"column":4},"end":{"line":188,"column":5}},"65":{"start":{"line":184,"column":6},"end":{"line":187,"column":8}},"66":{"start":{"line":189,"column":4},"end":{"line":191,"column":6}},"67":{"start":{"line":193,"column":4},"end":{"line":193,"column":22}},"68":{"start":{"line":194,"column":4},"end":{"line":197,"column":6}},"69":{"start":{"line":201,"column":22},"end":{"line":223,"column":1}},"70":{"start":{"line":202,"column":2},"end":{"line":222,"column":3}},"71":{"start":{"line":203,"column":20},"end":{"line":203,"column":39}},"72":{"start":{"line":205,"column":4},"end":{"line":210,"column":5}},"73":{"start":{"line":206,"column":6},"end":{"line":209,"column":8}},"74":{"start":{"line":212,"column":4},"end":{"line":215,"column":6}},"75":{"start":{"line":217,"column":4},"end":{"line":217,"column":22}},"76":{"start":{"line":218,"column":4},"end":{"line":221,"column":6}},"77":{"start":{"line":229,"column":0},"end":{"line":237,"column":1}}},"fnMap":{"0":{"name":"(anonymous_0)","decl":{"start":{"line":4,"column":21},"end":{"line":4,"column":22}},"loc":{"start":{"line":4,"column":41},"end":{"line":46,"column":1}},"line":4},"1":{"name":"(anonymous_1)","decl":{"start":{"line":19,"column":44},"end":{"line":19,"column":45}},"loc":{"start":{"line":19,"column":58},"end":{"line":19,"column":82}},"line":19},"2":{"name":"(anonymous_2)","decl":{"start":{"line":86,"column":25},"end":{"line":86,"column":26}},"loc":{"start":{"line":86,"column":45},"end":{"line":107,"column":1}},"line":86},"3":{"name":"(anonymous_3)","decl":{"start":{"line":109,"column":25},"end":{"line":109,"column":26}},"loc":{"start":{"line":109,"column":45},"end":{"line":126,"column":1}},"line":109},"4":{"name":"(anonymous_4)","decl":{"start":{"line":128,"column":33},"end":{"line":128,"column":34}},"loc":{"start":{"line":128,"column":53},"end":{"line":151,"column":1}},"line":128},"5":{"name":"(anonymous_5)","decl":{"start":{"line":132,"column":24},"end":{"line":132,"column":25}},"loc":{"start":{"line":132,"column":38},"end":{"line":134,"column":5}},"line":132},"6":{"name":"(anonymous_6)","decl":{"start":{"line":153,"column":25},"end":{"line":153,"column":26}},"loc":{"start":{"line":153,"column":45},"end":{"line":174,"column":1}},"line":153},"7":{"name":"(anonymous_7)","decl":{"start":{"line":176,"column":34},"end":{"line":176,"column":35}},"loc":{"start":{"line":176,"column":54},"end":{"line":199,"column":1}},"line":176},"8":{"name":"(anonymous_8)","decl":{"start":{"line":201,"column":22},"end":{"line":201,"column":23}},"loc":{"start":{"line":201,"column":42},"end":{"line":223,"column":1}},"line":201}},"branchMap":{"0":{"loc":{"start":{"line":11,"column":4},"end":{"line":16,"column":5}},"type":"if","locations":[{"start":{"line":11,"column":4},"end":{"line":16,"column":5}},{"start":{},"end":{}}],"line":11},"1":{"loc":{"start":{"line":90,"column":4},"end":{"line":95,"column":5}},"type":"if","locations":[{"start":{"line":90,"column":4},"end":{"line":95,"column":5}},{"start":{},"end":{}}],"line":90},"2":{"loc":{"start":{"line":138,"column":4},"end":{"line":143,"column":5}},"type":"if","locations":[{"start":{"line":138,"column":4},"end":{"line":143,"column":5}},{"start":{},"end":{}}],"line":138},"3":{"loc":{"start":{"line":160,"column":4},"end":{"line":165,"column":5}},"type":"if","locations":[{"start":{"line":160,"column":4},"end":{"line":165,"column":5}},{"start":{},"end":{}}],"line":160},"4":{"loc":{"start":{"line":183,"column":4},"end":{"line":188,"column":5}},"type":"if","locations":[{"start":{"line":183,"column":4},"end":{"line":188,"column":5}},{"start":{},"end":{}}],"line":183},"5":{"loc":{"start":{"line":205,"column":4},"end":{"line":210,"column":5}},"type":"if","locations":[{"start":{"line":205,"column":4},"end":{"line":210,"column":5}},{"start":{},"end":{}}],"line":205},"6":{"loc":{"start":{"line":205,"column":8},"end":{"line":205,"column":40}},"type":"binary-expr","locations":[{"start":{"line":205,"column":8},"end":{"line":205,"column":16}},{"start":{"line":205,"column":20},"end":{"line":205,"column":40}}],"line":205}},"s":{"0":2,"1":2,"2":2,"3":2,"4":2,"5":2,"6":2,"7":2,"8":1,"9":1,"10":4,"11":1,"12":1,"13":1,"14":0,"15":0,"16":2,"17":0,"18":0,"19":0,"20":0,"21":0,"22":0,"23":0,"24":0,"25":2,"26":0,"27":0,"28":0,"29":0,"30":0,"31":0,"32":0,"33":2,"34":0,"35":0,"36":0,"37":0,"38":0,"39":0,"40":0,"41":0,"42":0,"43":0,"44":0,"45":2,"46":0,"47":0,"48":0,"49":0,"50":0,"51":0,"52":0,"53":0,"54":0,"55":0,"56":0,"57":2,"58":0,"59":0,"60":0,"61":0,"62":0,"63":0,"64":0,"65":0,"66":0,"67":0,"68":0,"69":2,"70":0,"71":0,"72":0,"73":0,"74":0,"75":0,"76":0,"77":2},"f":{"0":2,"1":4,"2":0,"3":0,"4":0,"5":0,"6":0,"7":0,"8":0},"b":{"0":[1,1],"1":[0,0],"2":[0,0],"3":[0,0],"4":[0,0],"5":[0,0],"6":[0,0]},"_coverageSchema":"1a1c01bbd47fc00a2c39e90264f33305004495a9","hash":"5a613a9bc11f5e3aa50c1ec2b525f0769470add0"}
,"C:\\Users\\mavrk\\OneDrive\\Escritorio\\BIT\\Frodge\\backend-frodge\\controllers\\userController.js": {"path":"C:\\Users\\mavrk\\OneDrive\\Escritorio\\BIT\\Frodge\\backend-frodge\\controllers\\userController.js","statementMap":{"0":{"start":{"line":1,"column":13},"end":{"line":1,"column":40}},"1":{"start":{"line":2,"column":15},"end":{"line":2,"column":32}},"2":{"start":{"line":3,"column":26},"end":{"line":3,"column":65}},"3":{"start":{"line":5,"column":19},"end":{"line":31,"column":1}},"4":{"start":{"line":6,"column":31},"end":{"line":6,"column":39}},"5":{"start":{"line":7,"column":2},"end":{"line":30,"column":3}},"6":{"start":{"line":8,"column":17},"end":{"line":8,"column":53}},"7":{"start":{"line":9,"column":4},"end":{"line":12,"column":6}},"8":{"start":{"line":9,"column":14},"end":{"line":12,"column":6}},"9":{"start":{"line":13,"column":17},"end":{"line":13,"column":37}},"10":{"start":{"line":14,"column":19},"end":{"line":17,"column":6}},"11":{"start":{"line":18,"column":4},"end":{"line":18,"column":53}},"12":{"start":{"line":19,"column":4},"end":{"line":19,"column":23}},"13":{"start":{"line":20,"column":4},"end":{"line":23,"column":6}},"14":{"start":{"line":25,"column":4},"end":{"line":25,"column":22}},"15":{"start":{"line":26,"column":4},"end":{"line":29,"column":6}},"16":{"start":{"line":33,"column":18},"end":{"line":62,"column":1}},"17":{"start":{"line":34,"column":30},"end":{"line":34,"column":38}},"18":{"start":{"line":35,"column":2},"end":{"line":61,"column":3}},"19":{"start":{"line":36,"column":19},"end":{"line":36,"column":48}},"20":{"start":{"line":37,"column":4},"end":{"line":40,"column":6}},"21":{"start":{"line":37,"column":17},"end":{"line":40,"column":6}},"22":{"start":{"line":41,"column":29},"end":{"line":41,"column":74}},"23":{"start":{"line":42,"column":4},"end":{"line":45,"column":6}},"24":{"start":{"line":42,"column":27},"end":{"line":45,"column":6}},"25":{"start":{"line":46,"column":18},"end":{"line":46,"column":63}},"26":{"start":{"line":47,"column":15},"end":{"line":47,"column":25}},"27":{"start":{"line":49,"column":4},"end":{"line":54,"column":6}},"28":{"start":{"line":56,"column":4},"end":{"line":56,"column":22}},"29":{"start":{"line":57,"column":4},"end":{"line":60,"column":6}},"30":{"start":{"line":64,"column":26},"end":{"line":88,"column":1}},"31":{"start":{"line":65,"column":22},"end":{"line":65,"column":35}},"32":{"start":{"line":66,"column":13},"end":{"line":66,"column":26}},"33":{"start":{"line":67,"column":2},"end":{"line":87,"column":3}},"34":{"start":{"line":68,"column":17},"end":{"line":68,"column":40}},"35":{"start":{"line":69,"column":4},"end":{"line":74,"column":5}},"36":{"start":{"line":70,"column":6},"end":{"line":73,"column":8}},"37":{"start":{"line":75,"column":4},"end":{"line":75,"column":38}},"38":{"start":{"line":76,"column":4},"end":{"line":76,"column":21}},"39":{"start":{"line":77,"column":4},"end":{"line":80,"column":6}},"40":{"start":{"line":82,"column":4},"end":{"line":82,"column":22}},"41":{"start":{"line":83,"column":4},"end":{"line":86,"column":6}},"42":{"start":{"line":90,"column":29},"end":{"line":115,"column":1}},"43":{"start":{"line":91,"column":22},"end":{"line":91,"column":35}},"44":{"start":{"line":92,"column":13},"end":{"line":92,"column":26}},"45":{"start":{"line":93,"column":2},"end":{"line":114,"column":3}},"46":{"start":{"line":94,"column":17},"end":{"line":94,"column":40}},"47":{"start":{"line":95,"column":4},"end":{"line":100,"column":5}},"48":{"start":{"line":96,"column":6},"end":{"line":99,"column":8}},"49":{"start":{"line":101,"column":22},"end":{"line":101,"column":91}},"50":{"start":{"line":101,"column":60},"end":{"line":101,"column":90}},"51":{"start":{"line":102,"column":4},"end":{"line":102,"column":32}},"52":{"start":{"line":103,"column":4},"end":{"line":103,"column":21}},"53":{"start":{"line":104,"column":4},"end":{"line":107,"column":6}},"54":{"start":{"line":109,"column":4},"end":{"line":109,"column":22}},"55":{"start":{"line":110,"column":4},"end":{"line":113,"column":6}},"56":{"start":{"line":117,"column":20},"end":{"line":137,"column":1}},"57":{"start":{"line":118,"column":2},"end":{"line":136,"column":3}},"58":{"start":{"line":119,"column":15},"end":{"line":119,"column":28}},"59":{"start":{"line":120,"column":4},"end":{"line":120,"column":19}},"60":{"start":{"line":121,"column":17},"end":{"line":121,"column":68}},"61":{"start":{"line":122,"column":4},"end":{"line":122,"column":21}},"62":{"start":{"line":123,"column":4},"end":{"line":128,"column":5}},"63":{"start":{"line":124,"column":6},"end":{"line":127,"column":8}},"64":{"start":{"line":129,"column":4},"end":{"line":129,"column":37}},"65":{"start":{"line":131,"column":4},"end":{"line":131,"column":22}},"66":{"start":{"line":132,"column":4},"end":{"line":135,"column":6}},"67":{"start":{"line":141,"column":0},"end":{"line":147,"column":1}}},"fnMap":{"0":{"name":"(anonymous_0)","decl":{"start":{"line":5,"column":19},"end":{"line":5,"column":20}},"loc":{"start":{"line":5,"column":39},"end":{"line":31,"column":1}},"line":5},"1":{"name":"(anonymous_1)","decl":{"start":{"line":33,"column":18},"end":{"line":33,"column":19}},"loc":{"start":{"line":33,"column":38},"end":{"line":62,"column":1}},"line":33},"2":{"name":"(anonymous_2)","decl":{"start":{"line":64,"column":26},"end":{"line":64,"column":27}},"loc":{"start":{"line":64,"column":46},"end":{"line":88,"column":1}},"line":64},"3":{"name":"(anonymous_3)","decl":{"start":{"line":90,"column":29},"end":{"line":90,"column":30}},"loc":{"start":{"line":90,"column":49},"end":{"line":115,"column":1}},"line":90},"4":{"name":"(anonymous_4)","decl":{"start":{"line":101,"column":46},"end":{"line":101,"column":47}},"loc":{"start":{"line":101,"column":60},"end":{"line":101,"column":90}},"line":101},"5":{"name":"(anonymous_5)","decl":{"start":{"line":117,"column":20},"end":{"line":117,"column":21}},"loc":{"start":{"line":117,"column":40},"end":{"line":137,"column":1}},"line":117}},"branchMap":{"0":{"loc":{"start":{"line":9,"column":4},"end":{"line":12,"column":6}},"type":"if","locations":[{"start":{"line":9,"column":4},"end":{"line":12,"column":6}},{"start":{},"end":{}}],"line":9},"1":{"loc":{"start":{"line":37,"column":4},"end":{"line":40,"column":6}},"type":"if","locations":[{"start":{"line":37,"column":4},"end":{"line":40,"column":6}},{"start":{},"end":{}}],"line":37},"2":{"loc":{"start":{"line":42,"column":4},"end":{"line":45,"column":6}},"type":"if","locations":[{"start":{"line":42,"column":4},"end":{"line":45,"column":6}},{"start":{},"end":{}}],"line":42},"3":{"loc":{"start":{"line":69,"column":4},"end":{"line":74,"column":5}},"type":"if","locations":[{"start":{"line":69,"column":4},"end":{"line":74,"column":5}},{"start":{},"end":{}}],"line":69},"4":{"loc":{"start":{"line":95,"column":4},"end":{"line":100,"column":5}},"type":"if","locations":[{"start":{"line":95,"column":4},"end":{"line":100,"column":5}},{"start":{},"end":{}}],"line":95},"5":{"loc":{"start":{"line":123,"column":4},"end":{"line":128,"column":5}},"type":"if","locations":[{"start":{"line":123,"column":4},"end":{"line":128,"column":5}},{"start":{},"end":{}}],"line":123}},"s":{"0":2,"1":2,"2":2,"3":2,"4":2,"5":2,"6":2,"7":2,"8":1,"9":1,"10":1,"11":1,"12":1,"13":1,"14":0,"15":0,"16":2,"17":3,"18":3,"19":3,"20":2,"21":0,"22":2,"23":2,"24":1,"25":1,"26":1,"27":1,"28":1,"29":1,"30":2,"31":0,"32":0,"33":0,"34":0,"35":0,"36":0,"37":0,"38":0,"39":0,"40":0,"41":0,"42":2,"43":0,"44":0,"45":0,"46":0,"47":0,"48":0,"49":0,"50":0,"51":0,"52":0,"53":0,"54":0,"55":0,"56":2,"57":0,"58":0,"59":0,"60":0,"61":0,"62":0,"63":0,"64":0,"65":0,"66":0,"67":2},"f":{"0":2,"1":3,"2":0,"3":0,"4":0,"5":0},"b":{"0":[1,1],"1":[0,2],"2":[1,1],"3":[0,0],"4":[0,0],"5":[0,0]},"_coverageSchema":"1a1c01bbd47fc00a2c39e90264f33305004495a9","hash":"602c29193f73994689ddffa27be38fc5708113b1"}
,"C:\\Users\\mavrk\\OneDrive\\Escritorio\\BIT\\Frodge\\backend-frodge\\db\\config.js": {"path":"C:\\Users\\mavrk\\OneDrive\\Escritorio\\BIT\\Frodge\\backend-frodge\\db\\config.js","statementMap":{"0":{"start":{"line":1,"column":17},"end":{"line":1,"column":36}},"1":{"start":{"line":2,"column":17},"end":{"line":2,"column":38}},"2":{"start":{"line":4,"column":24},"end":{"line":11,"column":1}},"3":{"start":{"line":5,"column":2},"end":{"line":10,"column":3}},"4":{"start":{"line":6,"column":4},"end":{"line":6,"column":36}},"5":{"start":{"line":7,"column":4},"end":{"line":7,"column":43}},"6":{"start":{"line":9,"column":4},"end":{"line":9,"column":22}},"7":{"start":{"line":13,"column":0},"end":{"line":13,"column":32}}},"fnMap":{"0":{"name":"(anonymous_0)","decl":{"start":{"line":4,"column":24},"end":{"line":4,"column":25}},"loc":{"start":{"line":4,"column":35},"end":{"line":11,"column":1}},"line":4}},"branchMap":{},"s":{"0":2,"1":2,"2":2,"3":2,"4":2,"5":2,"6":0,"7":2},"f":{"0":2},"b":{},"_coverageSchema":"1a1c01bbd47fc00a2c39e90264f33305004495a9","hash":"43312afd03a24b7b4768b9b310546f2b8947f827"}
,"C:\\Users\\mavrk\\OneDrive\\Escritorio\\BIT\\Frodge\\backend-frodge\\middlewares\\jwtGenerate.js": {"path":"C:\\Users\\mavrk\\OneDrive\\Escritorio\\BIT\\Frodge\\backend-frodge\\middlewares\\jwtGenerate.js","statementMap":{"0":{"start":{"line":1,"column":12},"end":{"line":1,"column":35}},"1":{"start":{"line":3,"column":22},"end":{"line":17,"column":1}},"2":{"start":{"line":4,"column":2},"end":{"line":16,"column":3}},"3":{"start":{"line":5,"column":20},"end":{"line":5,"column":32}},"4":{"start":{"line":6,"column":21},"end":{"line":6,"column":42}},"5":{"start":{"line":7,"column":18},"end":{"line":9,"column":6}},"6":{"start":{"line":11,"column":4},"end":{"line":11,"column":16}},"7":{"start":{"line":13,"column":4},"end":{"line":13,"column":22}},"8":{"start":{"line":15,"column":4},"end":{"line":15,"column":16}},"9":{"start":{"line":19,"column":0},"end":{"line":21,"column":1}}},"fnMap":{"0":{"name":"(anonymous_0)","decl":{"start":{"line":3,"column":22},"end":{"line":3,"column":23}},"loc":{"start":{"line":3,"column":41},"end":{"line":17,"column":1}},"line":3}},"branchMap":{"0":{"loc":{"start":{"line":3,"column":23},"end":{"line":3,"column":36}},"type":"default-arg","locations":[{"start":{"line":3,"column":34},"end":{"line":3,"column":36}}],"line":3}},"s":{"0":2,"1":2,"2":1,"3":1,"4":1,"5":1,"6":1,"7":0,"8":0,"9":2},"f":{"0":1},"b":{"0":[0]},"_coverageSchema":"1a1c01bbd47fc00a2c39e90264f33305004495a9","hash":"a07c15ef8ace8c8e9d41cba709db64d6b11266f4"}
,"C:\\Users\\mavrk\\OneDrive\\Escritorio\\BIT\\Frodge\\backend-frodge\\middlewares\\validationBody.js": {"path":"C:\\Users\\mavrk\\OneDrive\\Escritorio\\BIT\\Frodge\\backend-frodge\\middlewares\\validationBody.js","statementMap":{"0":{"start":{"line":1,"column":17},"end":{"line":1,"column":45}},"1":{"start":{"line":2,"column":14},"end":{"line":6,"column":1}},"2":{"start":{"line":8,"column":17},"end":{"line":12,"column":1}},"3":{"start":{"line":14,"column":16},"end":{"line":18,"column":1}},"4":{"start":{"line":21,"column":0},"end":{"line":25,"column":1}}},"fnMap":{},"branchMap":{},"s":{"0":2,"1":2,"2":2,"3":2,"4":2},"f":{},"b":{},"_coverageSchema":"1a1c01bbd47fc00a2c39e90264f33305004495a9","hash":"371992fca8296a4e205d254c35d015e62ea0a22a"}
,"C:\\Users\\mavrk\\OneDrive\\Escritorio\\BIT\\Frodge\\backend-frodge\\middlewares\\validationResult.js": {"path":"C:\\Users\\mavrk\\OneDrive\\Escritorio\\BIT\\Frodge\\backend-frodge\\middlewares\\validationResult.js","statementMap":{"0":{"start":{"line":1,"column":29},"end":{"line":1,"column":57}},"1":{"start":{"line":2,"column":23},"end":{"line":11,"column":1}},"2":{"start":{"line":3,"column":16},"end":{"line":3,"column":37}},"3":{"start":{"line":4,"column":2},"end":{"line":9,"column":3}},"4":{"start":{"line":5,"column":4},"end":{"line":8,"column":6}},"5":{"start":{"line":10,"column":2},"end":{"line":10,"column":8}},"6":{"start":{"line":13,"column":0},"end":{"line":13,"column":31}}},"fnMap":{"0":{"name":"(anonymous_0)","decl":{"start":{"line":2,"column":23},"end":{"line":2,"column":24}},"loc":{"start":{"line":2,"column":43},"end":{"line":11,"column":1}},"line":2}},"branchMap":{"0":{"loc":{"start":{"line":4,"column":2},"end":{"line":9,"column":3}},"type":"if","locations":[{"start":{"line":4,"column":2},"end":{"line":9,"column":3}},{"start":{},"end":{}}],"line":4}},"s":{"0":2,"1":2,"2":8,"3":8,"4":4,"5":4,"6":2},"f":{"0":8},"b":{"0":[4,4]},"_coverageSchema":"1a1c01bbd47fc00a2c39e90264f33305004495a9","hash":"a5c96bd4bca5bd8804244066aa411d98898b2c1f"}
,"C:\\Users\\mavrk\\OneDrive\\Escritorio\\BIT\\Frodge\\backend-frodge\\models\\Product.js": {"path":"C:\\Users\\mavrk\\OneDrive\\Escritorio\\BIT\\Frodge\\backend-frodge\\models\\Product.js","statementMap":{"0":{"start":{"line":1,"column":26},"end":{"line":1,"column":45}},"1":{"start":{"line":3,"column":23},"end":{"line":32,"column":2}},"2":{"start":{"line":33,"column":16},"end":{"line":33,"column":49}},"3":{"start":{"line":34,"column":0},"end":{"line":34,"column":24}}},"fnMap":{},"branchMap":{},"s":{"0":2,"1":2,"2":2,"3":2},"f":{},"b":{},"_coverageSchema":"1a1c01bbd47fc00a2c39e90264f33305004495a9","hash":"2f0185ef33eb274268e0d1523507f10bf34f1ef0"}
,"C:\\Users\\mavrk\\OneDrive\\Escritorio\\BIT\\Frodge\\backend-frodge\\models\\Recipe.js": {"path":"C:\\Users\\mavrk\\OneDrive\\Escritorio\\BIT\\Frodge\\backend-frodge\\models\\Recipe.js","statementMap":{"0":{"start":{"line":1,"column":26},"end":{"line":1,"column":45}},"1":{"start":{"line":3,"column":22},"end":{"line":31,"column":2}},"2":{"start":{"line":33,"column":0},"end":{"line":33,"column":47}}},"fnMap":{},"branchMap":{},"s":{"0":2,"1":2,"2":2},"f":{},"b":{},"_coverageSchema":"1a1c01bbd47fc00a2c39e90264f33305004495a9","hash":"db9ed5e7c34369ce5c5ddf5f6b03e4b174367308"}
,"C:\\Users\\mavrk\\OneDrive\\Escritorio\\BIT\\Frodge\\backend-frodge\\models\\User.js": {"path":"C:\\Users\\mavrk\\OneDrive\\Escritorio\\BIT\\Frodge\\backend-frodge\\models\\User.js","statementMap":{"0":{"start":{"line":1,"column":26},"end":{"line":1,"column":45}},"1":{"start":{"line":3,"column":19},"end":{"line":23,"column":2}},"2":{"start":{"line":25,"column":0},"end":{"line":25,"column":43}}},"fnMap":{},"branchMap":{},"s":{"0":2,"1":2,"2":2},"f":{},"b":{},"_coverageSchema":"1a1c01bbd47fc00a2c39e90264f33305004495a9","hash":"fa2717c838278f43feab2c57cef4e18bd962da13"}
,"C:\\Users\\mavrk\\OneDrive\\Escritorio\\BIT\\Frodge\\backend-frodge\\routes\\api.routes.js": {"path":"C:\\Users\\mavrk\\OneDrive\\Escritorio\\BIT\\Frodge\\backend-frodge\\routes\\api.routes.js","statementMap":{"0":{"start":{"line":1,"column":16},"end":{"line":1,"column":34}},"1":{"start":{"line":2,"column":15},"end":{"line":2,"column":31}},"2":{"start":{"line":3,"column":13},"end":{"line":3,"column":37}},"3":{"start":{"line":4,"column":16},"end":{"line":4,"column":43}},"4":{"start":{"line":5,"column":15},"end":{"line":5,"column":41}},"5":{"start":{"line":7,"column":0},"end":{"line":7,"column":24}},"6":{"start":{"line":8,"column":0},"end":{"line":8,"column":27}},"7":{"start":{"line":9,"column":0},"end":{"line":9,"column":26}},"8":{"start":{"line":11,"column":0},"end":{"line":11,"column":23}}},"fnMap":{},"branchMap":{},"s":{"0":2,"1":2,"2":2,"3":2,"4":2,"5":2,"6":2,"7":2,"8":2},"f":{},"b":{},"_coverageSchema":"1a1c01bbd47fc00a2c39e90264f33305004495a9","hash":"59c7bc7f4d41216de7465d08f688383ce31328b2"}
,"C:\\Users\\mavrk\\OneDrive\\Escritorio\\BIT\\Frodge\\backend-frodge\\routes\\product.routes.js": {"path":"C:\\Users\\mavrk\\OneDrive\\Escritorio\\BIT\\Frodge\\backend-frodge\\routes\\product.routes.js","statementMap":{"0":{"start":{"line":1,"column":16},"end":{"line":1,"column":34}},"1":{"start":{"line":2,"column":15},"end":{"line":2,"column":31}},"2":{"start":{"line":3,"column":97},"end":{"line":3,"column":142}},"3":{"start":{"line":4,"column":21},"end":{"line":4,"column":61}},"4":{"start":{"line":5,"column":23},"end":{"line":5,"column":65}},"5":{"start":{"line":7,"column":0},"end":{"line":7,"column":71}},"6":{"start":{"line":8,"column":0},"end":{"line":8,"column":61}},"7":{"start":{"line":9,"column":0},"end":{"line":9,"column":54}},"8":{"start":{"line":10,"column":0},"end":{"line":10,"column":54}},"9":{"start":{"line":11,"column":0},"end":{"line":11,"column":46}},"10":{"start":{"line":13,"column":0},"end":{"line":13,"column":23}}},"fnMap":{},"branchMap":{},"s":{"0":2,"1":2,"2":2,"3":2,"4":2,"5":2,"6":2,"7":2,"8":2,"9":2,"10":2},"f":{},"b":{},"_coverageSchema":"1a1c01bbd47fc00a2c39e90264f33305004495a9","hash":"e48bb2325ef3978ca07beb7dc8b1fa3caf6b46a0"}
,"C:\\Users\\mavrk\\OneDrive\\Escritorio\\BIT\\Frodge\\backend-frodge\\routes\\recipe.routes.js": {"path":"C:\\Users\\mavrk\\OneDrive\\Escritorio\\BIT\\Frodge\\backend-frodge\\routes\\recipe.routes.js","statementMap":{"0":{"start":{"line":1,"column":16},"end":{"line":1,"column":34}},"1":{"start":{"line":2,"column":15},"end":{"line":2,"column":31}},"2":{"start":{"line":3,"column":147},"end":{"line":3,"column":191}},"3":{"start":{"line":4,"column":20},"end":{"line":4,"column":62}},"4":{"start":{"line":5,"column":23},"end":{"line":5,"column":65}},"5":{"start":{"line":7,"column":0},"end":{"line":7,"column":68}},"6":{"start":{"line":8,"column":0},"end":{"line":8,"column":46}},"7":{"start":{"line":9,"column":0},"end":{"line":9,"column":52}},"8":{"start":{"line":10,"column":0},"end":{"line":10,"column":67}},"9":{"start":{"line":11,"column":0},"end":{"line":11,"column":52}},"10":{"start":{"line":12,"column":0},"end":{"line":12,"column":46}},"11":{"start":{"line":13,"column":0},"end":{"line":13,"column":77}},"12":{"start":{"line":15,"column":0},"end":{"line":15,"column":23}}},"fnMap":{},"branchMap":{},"s":{"0":2,"1":2,"2":2,"3":2,"4":2,"5":2,"6":2,"7":2,"8":2,"9":2,"10":2,"11":2,"12":2},"f":{},"b":{},"_coverageSchema":"1a1c01bbd47fc00a2c39e90264f33305004495a9","hash":"461945bdb4b071a08dcec27406343db3ee10f665"}
,"C:\\Users\\mavrk\\OneDrive\\Escritorio\\BIT\\Frodge\\backend-frodge\\routes\\user.routes.js": {"path":"C:\\Users\\mavrk\\OneDrive\\Escritorio\\BIT\\Frodge\\backend-frodge\\routes\\user.routes.js","statementMap":{"0":{"start":{"line":1,"column":16},"end":{"line":1,"column":34}},"1":{"start":{"line":2,"column":15},"end":{"line":2,"column":31}},"2":{"start":{"line":3,"column":88},"end":{"line":3,"column":130}},"3":{"start":{"line":4,"column":16},"end":{"line":4,"column":58}},"4":{"start":{"line":5,"column":23},"end":{"line":5,"column":67}},"5":{"start":{"line":7,"column":0},"end":{"line":7,"column":59}},"6":{"start":{"line":8,"column":0},"end":{"line":8,"column":32}},"7":{"start":{"line":9,"column":0},"end":{"line":9,"column":52}},"8":{"start":{"line":10,"column":0},"end":{"line":10,"column":58}},"9":{"start":{"line":11,"column":0},"end":{"line":11,"column":46}},"10":{"start":{"line":14,"column":0},"end":{"line":14,"column":23}}},"fnMap":{},"branchMap":{},"s":{"0":2,"1":2,"2":2,"3":2,"4":2,"5":2,"6":2,"7":2,"8":2,"9":2,"10":2},"f":{},"b":{},"_coverageSchema":"1a1c01bbd47fc00a2c39e90264f33305004495a9","hash":"195f5b35a824113c5ef67cc3dffedcd011faa3ef"}
}
