TN:
SF:index.js
FNF:0
FNH:0
DA:1,3
DA:2,3
DA:3,3
DA:4,3
DA:5,3
DA:6,3
DA:8,3
DA:9,3
DA:10,3
DA:11,3
DA:13,3
DA:14,3
DA:15,3
DA:20,3
DA:26,3
LF:15
LH:15
BRF:0
BRH:0
end_of_record
TN:
SF:controllers\productController.js
FN:4,(anonymous_0)
FN:36,(anonymous_1)
FN:58,(anonymous_2)
FN:77,(anonymous_3)
FN:100,(anonymous_4)
FNF:5
FNH:1
FNDA:2,(anonymous_0)
FNDA:0,(anonymous_1)
FNDA:0,(anonymous_2)
FNDA:0,(anonymous_3)
FNDA:0,(anonymous_4)
DA:1,3
DA:4,3
DA:5,2
DA:6,2
DA:7,2
DA:8,2
DA:9,2
DA:13,1
DA:22,1
DA:23,1
DA:28,0
DA:29,0
DA:36,3
DA:37,0
DA:38,0
DA:39,0
DA:40,0
DA:45,0
DA:50,0
DA:51,0
DA:58,3
DA:59,0
DA:60,0
DA:61,0
DA:62,0
DA:63,0
DA:69,0
DA:70,0
DA:77,3
DA:78,0
DA:79,0
DA:80,0
DA:81,0
DA:82,0
DA:83,0
DA:84,0
DA:85,0
DA:90,0
DA:92,0
DA:93,0
DA:100,3
DA:101,0
DA:103,0
DA:106,0
DA:107,0
DA:114,0
DA:119,0
DA:120,0
DA:127,3
LF:49
LH:15
BRDA:9,0,0,1
BRDA:9,0,1,1
BRDA:40,1,0,0
BRDA:40,1,1,0
BRDA:84,2,0,0
BRDA:84,2,1,0
BRDA:106,3,0,0
BRDA:106,3,1,0
BRDA:106,4,0,0
BRDA:106,4,1,0
BRF:10
BRH:2
end_of_record
TN:
SF:controllers\recipeController.js
FN:4,(anonymous_0)
FN:19,(anonymous_1)
FN:48,(anonymous_2)
FN:71,(anonymous_3)
FN:90,(anonymous_4)
FN:94,(anonymous_5)
FN:115,(anonymous_6)
FN:135,(anonymous_7)
FN:160,(anonymous_8)
FNF:9
FNH:8
FNDA:2,(anonymous_0)
FNDA:4,(anonymous_1)
FNDA:3,(anonymous_2)
FNDA:1,(anonymous_3)
FNDA:3,(anonymous_4)
FNDA:3,(anonymous_5)
FNDA:3,(anonymous_6)
FNDA:0,(anonymous_7)
FNDA:3,(anonymous_8)
DA:1,3
DA:2,3
DA:4,3
DA:5,2
DA:6,2
DA:8,2
DA:10,2
DA:11,2
DA:12,1
DA:19,4
DA:22,1
DA:33,1
DA:35,1
DA:40,0
DA:41,0
DA:48,3
DA:49,3
DA:50,3
DA:51,3
DA:52,2
DA:53,1
DA:58,1
DA:63,1
DA:64,1
DA:71,3
DA:72,1
DA:73,1
DA:74,1
DA:75,1
DA:76,1
DA:82,0
DA:83,0
DA:90,3
DA:91,3
DA:92,3
DA:93,3
DA:94,3
DA:95,3
DA:97,2
DA:99,2
DA:100,2
DA:101,1
DA:106,1
DA:108,1
DA:115,3
DA:116,3
DA:117,3
DA:118,3
DA:119,2
DA:120,1
DA:125,1
DA:127,1
DA:128,1
DA:135,3
DA:136,0
DA:137,0
DA:138,0
DA:139,0
DA:140,0
DA:141,0
DA:142,0
DA:143,0
DA:148,0
DA:152,0
DA:153,0
DA:160,3
DA:161,3
DA:162,3
DA:164,2
DA:165,1
DA:171,1
DA:176,1
DA:177,1
DA:188,3
LF:74
LH:59
BRDA:11,0,0,1
BRDA:11,0,1,1
BRDA:52,1,0,1
BRDA:52,1,1,1
BRDA:100,2,0,1
BRDA:100,2,1,1
BRDA:119,3,0,1
BRDA:119,3,1,1
BRDA:142,4,0,0
BRDA:142,4,1,0
BRDA:164,5,0,1
BRDA:164,5,1,1
BRDA:164,6,0,2
BRDA:164,6,1,2
BRF:14
BRH:12
end_of_record
TN:
SF:controllers\userController.js
FN:5,(anonymous_0)
FN:33,(anonymous_1)
FN:64,(anonymous_2)
FN:90,(anonymous_3)
FN:101,(anonymous_4)
FN:117,(anonymous_5)
FNF:6
FNH:2
FNDA:2,(anonymous_0)
FNDA:3,(anonymous_1)
FNDA:0,(anonymous_2)
FNDA:0,(anonymous_3)
FNDA:0,(anonymous_4)
FNDA:0,(anonymous_5)
DA:1,3
DA:2,3
DA:3,3
DA:5,3
DA:6,2
DA:7,2
DA:8,2
DA:9,2
DA:13,1
DA:14,1
DA:18,1
DA:19,1
DA:20,1
DA:25,0
DA:26,0
DA:33,3
DA:34,3
DA:35,3
DA:36,3
DA:37,2
DA:41,2
DA:42,2
DA:46,1
DA:47,1
DA:49,1
DA:56,1
DA:57,1
DA:64,3
DA:65,0
DA:66,0
DA:67,0
DA:68,0
DA:69,0
DA:70,0
DA:75,0
DA:76,0
DA:77,0
DA:82,0
DA:83,0
DA:90,3
DA:91,0
DA:92,0
DA:93,0
DA:94,0
DA:95,0
DA:96,0
DA:101,0
DA:102,0
DA:103,0
DA:104,0
DA:109,0
DA:110,0
DA:117,3
DA:118,0
DA:119,0
DA:120,0
DA:121,0
DA:122,0
DA:123,0
DA:124,0
DA:129,0
DA:131,0
DA:132,0
DA:141,3
LF:64
LH:29
BRDA:9,0,0,1
BRDA:9,0,1,1
BRDA:37,1,0,0
BRDA:37,1,1,2
BRDA:42,2,0,1
BRDA:42,2,1,1
BRDA:69,3,0,0
BRDA:69,3,1,0
BRDA:95,4,0,0
BRDA:95,4,1,0
BRDA:123,5,0,0
BRDA:123,5,1,0
BRF:12
BRH:5
end_of_record
TN:
SF:db\config.js
FN:4,(anonymous_0)
FNF:1
FNH:1
FNDA:3,(anonymous_0)
DA:1,3
DA:2,3
DA:4,3
DA:5,3
DA:6,3
DA:7,3
DA:9,0
DA:13,3
LF:8
LH:7
BRF:0
BRH:0
end_of_record
TN:
SF:middlewares\jwtGenerate.js
FN:3,(anonymous_0)
FNF:1
FNH:1
FNDA:1,(anonymous_0)
DA:1,3
DA:3,3
DA:4,1
DA:5,1
DA:6,1
DA:7,1
DA:11,1
DA:13,0
DA:15,0
DA:19,3
LF:10
LH:8
BRDA:3,0,0,0
BRF:1
BRH:0
end_of_record
TN:
SF:middlewares\validationBody.js
FNF:0
FNH:0
DA:1,3
DA:2,3
DA:8,3
DA:14,3
DA:21,3
LF:5
LH:5
BRF:0
BRH:0
end_of_record
TN:
SF:middlewares\validationResult.js
FN:2,(anonymous_0)
FNF:1
FNH:1
FNDA:11,(anonymous_0)
DA:1,3
DA:2,3
DA:3,11
DA:4,11
DA:5,5
DA:10,6
DA:13,3
LF:7
LH:7
BRDA:4,0,0,5
BRDA:4,0,1,6
BRF:2
BRH:2
end_of_record
TN:
SF:models\Product.js
FNF:0
FNH:0
DA:1,3
DA:3,3
DA:33,3
DA:34,3
LF:4
LH:4
BRF:0
BRH:0
end_of_record
TN:
SF:models\Recipe.js
FNF:0
FNH:0
DA:1,3
DA:3,3
DA:33,3
LF:3
LH:3
BRF:0
BRH:0
end_of_record
TN:
SF:models\User.js
FNF:0
FNH:0
DA:1,3
DA:3,3
DA:25,3
LF:3
LH:3
BRF:0
BRH:0
end_of_record
TN:
SF:routes\api.routes.js
FNF:0
FNH:0
DA:1,3
DA:2,3
DA:3,3
DA:4,3
DA:5,3
DA:7,3
DA:8,3
DA:9,3
DA:11,3
LF:9
LH:9
BRF:0
BRH:0
end_of_record
TN:
SF:routes\product.routes.js
FNF:0
FNH:0
DA:1,3
DA:2,3
DA:3,3
DA:4,3
DA:5,3
DA:7,3
DA:8,3
DA:9,3
DA:10,3
DA:11,3
DA:13,3
LF:11
LH:11
BRF:0
BRH:0
end_of_record
TN:
SF:routes\recipe.routes.js
FNF:0
FNH:0
DA:1,3
DA:2,3
DA:3,3
DA:4,3
DA:5,3
DA:7,3
DA:8,3
DA:9,3
DA:10,3
DA:11,3
DA:12,3
DA:13,3
DA:15,3
LF:13
LH:13
BRF:0
BRH:0
end_of_record
TN:
SF:routes\user.routes.js
FNF:0
FNH:0
DA:1,3
DA:2,3
DA:3,3
DA:4,3
DA:5,3
DA:7,3
DA:8,3
DA:9,3
DA:10,3
DA:11,3
DA:14,3
LF:11
LH:11
BRF:0
BRH:0
end_of_record
