TN:
SF:index.js
FNF:0
FNH:0
DA:1,2
DA:2,2
DA:3,2
DA:4,2
DA:5,2
DA:6,2
DA:8,2
DA:9,2
DA:10,2
DA:11,2
DA:13,2
DA:14,2
DA:15,2
DA:20,2
DA:26,2
LF:15
LH:15
BRF:0
BRH:0
end_of_record
TN:
SF:controllers\productController.js
FN:4,(anonymous_0)
FN:36,(anonymous_1)
FN:58,(anonymous_2)
FN:77,(anonymous_3)
FN:100,(anonymous_4)
FNF:5
FNH:0
FNDA:0,(anonymous_0)
FNDA:0,(anonymous_1)
FNDA:0,(anonymous_2)
FNDA:0,(anonymous_3)
FNDA:0,(anonymous_4)
DA:1,2
DA:4,2
DA:5,0
DA:6,0
DA:7,0
DA:8,0
DA:9,0
DA:13,0
DA:22,0
DA:23,0
DA:28,0
DA:29,0
DA:36,2
DA:37,0
DA:38,0
DA:39,0
DA:40,0
DA:45,0
DA:50,0
DA:51,0
DA:58,2
DA:59,0
DA:60,0
DA:61,0
DA:62,0
DA:63,0
DA:69,0
DA:70,0
DA:77,2
DA:78,0
DA:79,0
DA:80,0
DA:81,0
DA:82,0
DA:83,0
DA:84,0
DA:85,0
DA:90,0
DA:92,0
DA:93,0
DA:100,2
DA:101,0
DA:103,0
DA:106,0
DA:107,0
DA:114,0
DA:119,0
DA:120,0
DA:127,2
LF:49
LH:7
BRDA:9,0,0,0
BRDA:9,0,1,0
BRDA:40,1,0,0
BRDA:40,1,1,0
BRDA:84,2,0,0
BRDA:84,2,1,0
BRDA:106,3,0,0
BRDA:106,3,1,0
BRDA:106,4,0,0
BRDA:106,4,1,0
BRF:10
BRH:0
end_of_record
TN:
SF:controllers\recipeController.js
FN:4,(anonymous_0)
FN:19,(anonymous_1)
FN:86,(anonymous_2)
FN:109,(anonymous_3)
FN:128,(anonymous_4)
FN:132,(anonymous_5)
FN:153,(anonymous_6)
FN:176,(anonymous_7)
FN:201,(anonymous_8)
FNF:9
FNH:2
FNDA:2,(anonymous_0)
FNDA:4,(anonymous_1)
FNDA:0,(anonymous_2)
FNDA:0,(anonymous_3)
FNDA:0,(anonymous_4)
FNDA:0,(anonymous_5)
FNDA:0,(anonymous_6)
FNDA:0,(anonymous_7)
FNDA:0,(anonymous_8)
DA:1,2
DA:2,2
DA:4,2
DA:5,2
DA:6,2
DA:8,2
DA:10,2
DA:11,2
DA:12,1
DA:19,4
DA:22,1
DA:33,1
DA:35,1
DA:40,0
DA:41,0
DA:86,2
DA:87,0
DA:88,0
DA:89,0
DA:90,0
DA:91,0
DA:96,0
DA:101,0
DA:102,0
DA:109,2
DA:110,0
DA:111,0
DA:112,0
DA:113,0
DA:114,0
DA:120,0
DA:121,0
DA:128,2
DA:129,0
DA:130,0
DA:131,0
DA:132,0
DA:133,0
DA:135,0
DA:137,0
DA:138,0
DA:139,0
DA:144,0
DA:146,0
DA:153,2
DA:154,0
DA:155,0
DA:156,0
DA:157,0
DA:158,0
DA:159,0
DA:160,0
DA:161,0
DA:166,0
DA:168,0
DA:169,0
DA:176,2
DA:177,0
DA:178,0
DA:179,0
DA:180,0
DA:181,0
DA:182,0
DA:183,0
DA:184,0
DA:189,0
DA:193,0
DA:194,0
DA:201,2
DA:202,0
DA:203,0
DA:205,0
DA:206,0
DA:212,0
DA:217,0
DA:218,0
DA:229,2
LF:77
LH:20
BRDA:11,0,0,1
BRDA:11,0,1,1
BRDA:90,1,0,0
BRDA:90,1,1,0
BRDA:138,2,0,0
BRDA:138,2,1,0
BRDA:160,3,0,0
BRDA:160,3,1,0
BRDA:183,4,0,0
BRDA:183,4,1,0
BRDA:205,5,0,0
BRDA:205,5,1,0
BRDA:205,6,0,0
BRDA:205,6,1,0
BRF:14
BRH:2
end_of_record
TN:
SF:controllers\userController.js
FN:5,(anonymous_0)
FN:33,(anonymous_1)
FN:64,(anonymous_2)
FN:90,(anonymous_3)
FN:101,(anonymous_4)
FN:117,(anonymous_5)
FNF:6
FNH:2
FNDA:2,(anonymous_0)
FNDA:3,(anonymous_1)
FNDA:0,(anonymous_2)
FNDA:0,(anonymous_3)
FNDA:0,(anonymous_4)
FNDA:0,(anonymous_5)
DA:1,2
DA:2,2
DA:3,2
DA:5,2
DA:6,2
DA:7,2
DA:8,2
DA:9,2
DA:13,1
DA:14,1
DA:18,1
DA:19,1
DA:20,1
DA:25,0
DA:26,0
DA:33,2
DA:34,3
DA:35,3
DA:36,3
DA:37,2
DA:41,2
DA:42,2
DA:46,1
DA:47,1
DA:49,1
DA:56,1
DA:57,1
DA:64,2
DA:65,0
DA:66,0
DA:67,0
DA:68,0
DA:69,0
DA:70,0
DA:75,0
DA:76,0
DA:77,0
DA:82,0
DA:83,0
DA:90,2
DA:91,0
DA:92,0
DA:93,0
DA:94,0
DA:95,0
DA:96,0
DA:101,0
DA:102,0
DA:103,0
DA:104,0
DA:109,0
DA:110,0
DA:117,2
DA:118,0
DA:119,0
DA:120,0
DA:121,0
DA:122,0
DA:123,0
DA:124,0
DA:129,0
DA:131,0
DA:132,0
DA:141,2
LF:64
LH:29
BRDA:9,0,0,1
BRDA:9,0,1,1
BRDA:37,1,0,0
BRDA:37,1,1,2
BRDA:42,2,0,1
BRDA:42,2,1,1
BRDA:69,3,0,0
BRDA:69,3,1,0
BRDA:95,4,0,0
BRDA:95,4,1,0
BRDA:123,5,0,0
BRDA:123,5,1,0
BRF:12
BRH:5
end_of_record
TN:
SF:db\config.js
FN:4,(anonymous_0)
FNF:1
FNH:1
FNDA:2,(anonymous_0)
DA:1,2
DA:2,2
DA:4,2
DA:5,2
DA:6,2
DA:7,2
DA:9,0
DA:13,2
LF:8
LH:7
BRF:0
BRH:0
end_of_record
TN:
SF:middlewares\jwtGenerate.js
FN:3,(anonymous_0)
FNF:1
FNH:1
FNDA:1,(anonymous_0)
DA:1,2
DA:3,2
DA:4,1
DA:5,1
DA:6,1
DA:7,1
DA:11,1
DA:13,0
DA:15,0
DA:19,2
LF:10
LH:8
BRDA:3,0,0,0
BRF:1
BRH:0
end_of_record
TN:
SF:middlewares\validationBody.js
FNF:0
FNH:0
DA:1,2
DA:2,2
DA:8,2
DA:14,2
DA:21,2
LF:5
LH:5
BRF:0
BRH:0
end_of_record
TN:
SF:middlewares\validationResult.js
FN:2,(anonymous_0)
FNF:1
FNH:1
FNDA:8,(anonymous_0)
DA:1,2
DA:2,2
DA:3,8
DA:4,8
DA:5,4
DA:10,4
DA:13,2
LF:7
LH:7
BRDA:4,0,0,4
BRDA:4,0,1,4
BRF:2
BRH:2
end_of_record
TN:
SF:models\Product.js
FNF:0
FNH:0
DA:1,2
DA:3,2
DA:33,2
DA:34,2
LF:4
LH:4
BRF:0
BRH:0
end_of_record
TN:
SF:models\Recipe.js
FNF:0
FNH:0
DA:1,2
DA:3,2
DA:33,2
LF:3
LH:3
BRF:0
BRH:0
end_of_record
TN:
SF:models\User.js
FNF:0
FNH:0
DA:1,2
DA:3,2
DA:25,2
LF:3
LH:3
BRF:0
BRH:0
end_of_record
TN:
SF:routes\api.routes.js
FNF:0
FNH:0
DA:1,2
DA:2,2
DA:3,2
DA:4,2
DA:5,2
DA:7,2
DA:8,2
DA:9,2
DA:11,2
LF:9
LH:9
BRF:0
BRH:0
end_of_record
TN:
SF:routes\product.routes.js
FNF:0
FNH:0
DA:1,2
DA:2,2
DA:3,2
DA:4,2
DA:5,2
DA:7,2
DA:8,2
DA:9,2
DA:10,2
DA:11,2
DA:13,2
LF:11
LH:11
BRF:0
BRH:0
end_of_record
TN:
SF:routes\recipe.routes.js
FNF:0
FNH:0
DA:1,2
DA:2,2
DA:3,2
DA:4,2
DA:5,2
DA:7,2
DA:8,2
DA:9,2
DA:10,2
DA:11,2
DA:12,2
DA:13,2
DA:15,2
LF:13
LH:13
BRF:0
BRH:0
end_of_record
TN:
SF:routes\user.routes.js
FNF:0
FNH:0
DA:1,2
DA:2,2
DA:3,2
DA:4,2
DA:5,2
DA:7,2
DA:8,2
DA:9,2
DA:10,2
DA:11,2
DA:14,2
LF:11
LH:11
BRF:0
BRH:0
end_of_record
